2024-05-27 19:06:20,076 - INFO - Application is starting...
2024-05-27 19:06:20,076 - DEBUG - This is a debug message.
2024-05-27 19:06:20,167 - DEBUG - Initializing MainScreen...
2024-05-27 19:06:20,773 - DEBUG - Main window in AnalysisPage0: <class '__main__.MainScreen'>
2024-05-27 19:06:21,410 - DEBUG - Main window in AnalysisPage1_0: <class '__main__.MainScreen'>
2024-05-27 19:08:13,240 - INFO - Application is starting...
2024-05-27 19:08:13,240 - DEBUG - This is a debug message.
2024-05-27 19:08:13,322 - DEBUG - Initializing MainScreen...
2024-05-27 19:08:13,938 - DEBUG - Main window in AnalysisPage0: <class '__main__.MainScreen'>
2024-05-27 19:08:14,385 - DEBUG - Main window in AnalysisPage1_0: <class '__main__.MainScreen'>
2024-05-27 19:08:16,166 - DEBUG - Main window in AnalysisPage1_2: <class '__main__.MainScreen'>
2024-05-27 20:40:44,896 - INFO - Application is starting...
2024-05-27 20:40:44,896 - DEBUG - This is a debug message.
2024-05-27 20:40:44,976 - DEBUG - Initializing MainScreen...
2024-05-27 20:41:11,411 - INFO - Application is starting...
2024-05-27 20:41:11,411 - DEBUG - This is a debug message.
2024-05-27 20:41:11,493 - DEBUG - Initializing MainScreen...
2024-05-27 20:41:23,905 - INFO - Application is starting...
2024-05-27 20:41:23,905 - DEBUG - This is a debug message.
2024-05-27 20:41:23,988 - DEBUG - Initializing MainScreen...
2024-05-27 20:41:52,402 - INFO - Application is starting...
2024-05-27 20:41:52,402 - DEBUG - This is a debug message.
2024-05-27 20:41:52,484 - DEBUG - Initializing MainScreen...
2024-05-27 20:43:24,866 - INFO - Application is starting...
2024-05-27 20:43:24,867 - DEBUG - This is a debug message.
2024-05-27 20:43:24,944 - DEBUG - Initializing MainScreen...
2024-05-27 20:43:49,514 - INFO - Application is starting...
2024-05-27 20:43:49,514 - DEBUG - This is a debug message.
2024-05-27 20:43:49,595 - DEBUG - Initializing MainScreen...
2024-05-27 20:44:44,630 - INFO - Application is starting...
2024-05-27 20:44:44,631 - DEBUG - This is a debug message.
2024-05-27 20:44:44,709 - DEBUG - Initializing MainScreen...
2024-05-27 20:45:21,222 - INFO - Application is starting...
2024-05-27 20:45:21,222 - DEBUG - This is a debug message.
2024-05-27 20:45:21,303 - DEBUG - Initializing MainScreen...
2024-05-27 20:50:27,924 - INFO - Application is starting...
2024-05-27 20:50:27,924 - DEBUG - This is a debug message.
2024-05-27 20:50:28,004 - DEBUG - Initializing MainScreen...
2024-05-27 20:50:39,019 - INFO - Application is starting...
2024-05-27 20:50:39,019 - DEBUG - This is a debug message.
2024-05-27 20:50:39,108 - DEBUG - Initializing MainScreen...
2024-05-27 20:51:43,864 - INFO - Application is starting...
2024-05-27 20:51:43,864 - DEBUG - This is a debug message.
2024-05-27 20:51:43,945 - DEBUG - Initializing MainScreen...
2024-05-27 20:51:53,184 - INFO - Application is starting...
2024-05-27 20:51:53,184 - DEBUG - This is a debug message.
2024-05-27 20:51:53,264 - DEBUG - Initializing MainScreen...
2024-05-27 20:52:58,176 - INFO - Application is starting...
2024-05-27 20:52:58,176 - DEBUG - This is a debug message.
2024-05-27 20:52:58,265 - DEBUG - Initializing MainScreen...
