2024-05-23 16:55:23,479 - INFO - Application is starting...
2024-05-23 16:55:23,479 - DEBUG - This is a debug message.
2024-05-23 16:55:23,504 - DEBUG - Initializing MainScreen...
2024-05-23 16:55:24,291 - DEBUG - Main window in AnalysisPage0: <class '__main__.MainScreen'>
2024-05-23 16:55:24,827 - DEBUG - Main window in AnalysisPage1_0: <class '__main__.MainScreen'>
2024-05-23 16:55:27,096 - DEBUG - Main window in AnalysisPage1_2: <class '__main__.MainScreen'>
2024-05-23 17:00:40,187 - INFO - Application is starting...
2024-05-23 17:00:40,187 - DEBUG - This is a debug message.
2024-05-23 17:00:40,212 - DEBUG - Initializing MainScreen...
2024-05-23 17:00:41,030 - DEBUG - Main window in AnalysisPage0: <class '__main__.MainScreen'>
2024-05-23 17:00:41,851 - DEBUG - Main window in AnalysisPage1_0: <class '__main__.MainScreen'>
2024-05-23 17:01:20,728 - INFO - Application is starting...
2024-05-23 17:01:20,728 - DEBUG - This is a debug message.
2024-05-23 17:01:20,754 - DEBUG - Initializing MainScreen...
2024-05-23 17:01:21,411 - DEBUG - Main window in AnalysisPage0: <class '__main__.MainScreen'>
2024-05-23 17:01:21,883 - DEBUG - Main window in AnalysisPage1_0: <class '__main__.MainScreen'>
2024-05-23 17:01:31,264 - INFO - Application is starting...
2024-05-23 17:01:31,265 - DEBUG - This is a debug message.
2024-05-23 17:01:31,290 - DEBUG - Initializing MainScreen...
2024-05-23 17:01:41,007 - DEBUG - Main window in AnalysisPage0: <class '__main__.MainScreen'>
2024-05-23 17:01:42,174 - DEBUG - Main window in AnalysisPage1_0: <class '__main__.MainScreen'>
2024-05-23 17:01:44,933 - DEBUG - tag: ExifIFD (34665) - type: long (4) - value: b'\x1a\x00\x00\x00'
2024-05-23 17:01:46,521 - DEBUG - tag: ExifIFD (34665) - type: long (4) - value: b'\x1a\x00\x00\x00'
2024-05-23 17:01:48,088 - DEBUG - tag: ExifIFD (34665) - type: long (4) - value: b'\x1a\x00\x00\x00'
2024-05-23 17:01:49,693 - DEBUG - tag: ExifIFD (34665) - type: long (4) - value: b'\x1a\x00\x00\x00'
2024-05-23 17:01:51,329 - DEBUG - tag: ExifIFD (34665) - type: long (4) - value: b'\x1a\x00\x00\x00'
2024-05-23 17:01:52,975 - DEBUG - tag: ExifIFD (34665) - type: long (4) - value: b'\x1a\x00\x00\x00'
2024-05-23 17:01:54,618 - DEBUG - tag: ExifIFD (34665) - type: long (4) - value: b'\x1a\x00\x00\x00'
2024-05-23 17:01:56,190 - DEBUG - tag: ExifIFD (34665) - type: long (4) - value: b'\x1a\x00\x00\x00'
2024-05-23 17:01:57,824 - DEBUG - tag: ExifIFD (34665) - type: long (4) - value: b'\x1a\x00\x00\x00'
2024-05-23 17:01:59,418 - DEBUG - tag: ExifIFD (34665) - type: long (4) - value: b'\x1a\x00\x00\x00'
2024-05-23 17:02:01,019 - DEBUG - tag: ExifIFD (34665) - type: long (4) - value: b'\x1a\x00\x00\x00'
2024-05-23 17:02:02,586 - DEBUG - tag: ExifIFD (34665) - type: long (4) - value: b'\x1a\x00\x00\x00'
2024-05-23 17:02:04,195 - DEBUG - tag: ExifIFD (34665) - type: long (4) - value: b'\x1a\x00\x00\x00'
2024-05-23 17:02:16,541 - INFO - Application is starting...
2024-05-23 17:02:16,541 - DEBUG - This is a debug message.
2024-05-23 17:02:16,567 - DEBUG - Initializing MainScreen...
2024-05-23 17:02:17,859 - DEBUG - Main window in AnalysisPage0: <class '__main__.MainScreen'>
2024-05-23 17:02:18,343 - DEBUG - Main window in AnalysisPage1_0: <class '__main__.MainScreen'>
2024-05-23 17:02:20,316 - DEBUG - tag: ExifIFD (34665) - type: long (4) - value: b'\x1a\x00\x00\x00'
2024-05-23 17:02:22,663 - DEBUG - Main window in AnalysisPage1_2: <class '__main__.MainScreen'>
2024-05-23 17:03:39,571 - INFO - Application is starting...
2024-05-23 17:03:39,571 - DEBUG - This is a debug message.
2024-05-23 17:03:39,597 - DEBUG - Initializing MainScreen...
2024-05-23 17:03:40,307 - DEBUG - Main window in AnalysisPage0: <class '__main__.MainScreen'>
2024-05-23 17:03:40,911 - DEBUG - Main window in AnalysisPage1_0: <class '__main__.MainScreen'>
2024-05-23 17:03:43,676 - DEBUG - tag: ExifIFD (34665) - type: long (4) - value: b'\x1a\x00\x00\x00'
2024-05-23 17:03:45,988 - DEBUG - Main window in AnalysisPage1_2: <class '__main__.MainScreen'>
2024-05-23 17:06:08,745 - INFO - Application is starting...
2024-05-23 17:06:08,745 - DEBUG - This is a debug message.
2024-05-23 17:06:08,770 - DEBUG - Initializing MainScreen...
2024-05-23 17:06:10,659 - DEBUG - Main window in AnalysisPage0: <class '__main__.MainScreen'>
2024-05-23 17:06:14,167 - DEBUG - Main window in AnalysisPage1_0: <class '__main__.MainScreen'>
2024-05-23 17:06:23,424 - DEBUG - Main window in AnalysisPage1_2: <class '__main__.MainScreen'>
2024-05-23 17:13:45,832 - INFO - Application is starting...
2024-05-23 17:13:45,832 - DEBUG - This is a debug message.
2024-05-23 17:13:45,857 - DEBUG - Initializing MainScreen...
2024-05-23 17:13:47,323 - DEBUG - Main window in AnalysisPage0: <class '__main__.MainScreen'>
2024-05-23 17:13:48,007 - DEBUG - Main window in AnalysisPage1_0: <class '__main__.MainScreen'>
2024-05-23 17:13:49,818 - DEBUG - Main window in AnalysisPage1_2: <class '__main__.MainScreen'>
2024-05-23 17:18:14,890 - INFO - Application is starting...
2024-05-23 17:18:14,890 - DEBUG - This is a debug message.
2024-05-23 17:18:14,916 - DEBUG - Initializing MainScreen...
2024-05-23 17:18:15,907 - DEBUG - Main window in AnalysisPage0: <class '__main__.MainScreen'>
2024-05-23 17:18:16,807 - DEBUG - Main window in AnalysisPage1_0: <class '__main__.MainScreen'>
2024-05-23 17:18:18,407 - DEBUG - Main window in AnalysisPage1_0: <class '__main__.MainScreen'>
2024-05-23 17:18:20,656 - DEBUG - Main window in AnalysisPage1_2: <class '__main__.MainScreen'>
2024-05-23 17:43:46,461 - INFO - Application is starting...
2024-05-23 17:43:46,461 - DEBUG - This is a debug message.
2024-05-23 17:43:46,486 - DEBUG - Initializing MainScreen...
2024-05-23 17:43:47,295 - DEBUG - Main window in AnalysisPage0: <class '__main__.MainScreen'>
2024-05-23 17:43:47,951 - DEBUG - Main window in AnalysisPage1_0: <class '__main__.MainScreen'>
2024-05-23 17:43:49,603 - DEBUG - Main window in AnalysisPage0: <class '__main__.MainScreen'>
2024-05-23 17:43:49,947 - DEBUG - Main window in AnalysisPage1_0: <class '__main__.MainScreen'>
2024-05-23 17:43:52,212 - DEBUG - Main window in AnalysisPage1_2: <class '__main__.MainScreen'>
